<?xml version="1.0" encoding="UTF-8"?>
<!-- Generated by org.testng.reporters.JUnitReportReporter -->
<testsuite hostname="LAPTOP-UD0GH7J4" failures="0" tests="3" name="practice.testng.CreateContactTestUsingDataProvider" time="0.063" errors="0" timestamp="2024-04-30T18:21:20 IST" skipped="0">
  <testcase classname="practice.testng.CreateContactTestUsingDataProvider" name="cretaeContact" time="0.012"/>
  <testcase classname="practice.testng.CreateContactTestUsingDataProvider" name="cretaeContact" time="0.030"/>
  <testcase classname="practice.testng.CreateContactTestUsingDataProvider" name="cretaeContact" time="0.021"/>
</testsuite> <!-- practice.testng.CreateContactTestUsingDataProvider -->
