<?xml version="1.0" encoding="UTF-8"?>
<!-- Generated by org.testng.reporters.JUnitReportReporter -->
<testsuite hostname="LAPTOP-UD0GH7J4" failures="0" tests="2" name="practiseTestHomePageTest.HomePageSampleTest" time="0.049" errors="0" timestamp="2024-05-06T15:03:51 IST" skipped="0">
  <testcase classname="practiseTestHomePageTest.HomePageSampleTest" name="homePageTest" time="0.042">
    <system-out>
      <![CDATA[homePageTestTest Start
step 1
step 2
step 3
step 4
homePageTestTest end]]>
    </system-out>
  </testcase> <!-- homePageTest -->
  <testcase classname="practiseTestHomePageTest.HomePageSampleTest" name="verifyLogoPage" time="0.007">
    <system-out>
      <![CDATA[verifyLogoPageTest Start
step 1
step 2
step 3
step 4
verifyLogoPageTest End]]>
    </system-out>
  </testcase> <!-- verifyLogoPage -->
  <system-out>
    <![CDATA[homePageTestTest Start
step 1
step 2
step 3
step 4
homePageTestTest end
verifyLogoPageTest Start
step 1
step 2
step 3
step 4
verifyLogoPageTest End]]>
  </system-out>
</testsuite> <!-- practiseTestHomePageTest.HomePageSampleTest -->
