<?xml version="1.0" encoding="UTF-8"?>
<!-- Generated by org.testng.reporters.JUnitReportReporter -->
<testsuite hostname="LAPTOP-UD0GH7J4" failures="0" tests="2" name="practice.testng.SampleTest" time="0.049" errors="0" timestamp="2024-04-30T10:15:15 IST" skipped="0">
  <testcase classname="practice.testng.SampleTest" name="createContactTest" time="0.037"/>
  <testcase classname="practice.testng.SampleTest" name="createContactWithMobileNumberTest" time="0.012"/>
</testsuite> <!-- practice.testng.SampleTest -->
