<?xml version="1.0" encoding="UTF-8"?>
<!-- Generated by org.testng.reporters.JUnitReportReporter -->
<testsuite hostname="LAPTOP-UD0GH7J4" failures="0" tests="2" name="com.pac1.CreateContactTest" time="0.030" errors="0" timestamp="2024-05-01T14:14:23 IST" skipped="0">
  <testcase classname="com.pac1.CreateContactTest" name="createContactWithDate" time="0.006"/>
  <testcase classname="com.pac1.CreateContactTest" name="createContact" time="0.024"/>
</testsuite> <!-- com.pac1.CreateContactTest -->
