<?xml version="1.0" encoding="UTF-8"?>
<!-- Generated by org.testng.reporters.JUnitReportReporter -->
<testsuite hostname="LAPTOP-UD0GH7J4" failures="0" tests="1" name="com.tekpyramid.crm.contacttest.CreateContactTest" time="37.983" errors="0" timestamp="2024-05-06T15:57:26 IST" skipped="0">
  <testcase classname="com.tekpyramid.crm.contacttest.CreateContactTest" name="createConTest" time="37.983"/>
</testsuite> <!-- com.tekpyramid.crm.contacttest.CreateContactTest -->
