<?xml version="1.0" encoding="UTF-8"?>
<!-- Generated by org.testng.reporters.JUnitReportReporter -->
<testsuite hostname="LAPTOP-UD0GH7J4" failures="0" tests="1" name="practiseDataDrivenTesting.ReadRntimeMavenParameterTest" time="0.037" errors="0" timestamp="2024-04-19T21:05:41 IST" skipped="0">
  <testcase classname="practiseDataDrivenTesting.ReadRntimeMavenParameterTest" name="runtimeParameterTest" time="0.037"/>
</testsuite> <!-- practiseDataDrivenTesting.ReadRntimeMavenParameterTest -->
