<?xml version="1.0" encoding="UTF-8"?>
<!-- Generated by org.testng.reporters.JUnitReportReporter -->
<testsuite hostname="LAPTOP-UD0GH7J4" failures="0" tests="2" name="com.crm.tekpyramid.orgtest.CreateOrgTest" time="0.062" errors="0" timestamp="2024-05-03T16:56:08 IST" skipped="0">
  <testcase classname="com.crm.tekpyramid.orgtest.CreateOrgTest" name="createOrgWiithIndustries" time="0.024"/>
  <testcase classname="com.crm.tekpyramid.orgtest.CreateOrgTest" name="createOrgTest" time="0.038"/>
</testsuite> <!-- com.crm.tekpyramid.orgtest.CreateOrgTest -->
