<?xml version="1.0" encoding="UTF-8"?>
<!-- Generated by org.testng.reporters.JUnitReportReporter -->
<testsuite hostname="LAPTOP-UD0GH7J4" failures="0" tests="2" name="com.crm.tekpyramid.contacttest.CreateContactTest" time="0.189" errors="0" timestamp="2024-05-03T16:56:08 IST" skipped="0">
  <testcase classname="com.crm.tekpyramid.contacttest.CreateContactTest" name="createContactWithDate" time="0.027"/>
  <testcase classname="com.crm.tekpyramid.contacttest.CreateContactTest" name="createContactTest" time="0.162"/>
</testsuite> <!-- com.crm.tekpyramid.contacttest.CreateContactTest -->
