<?xml version="1.0" encoding="UTF-8"?>
<!-- Generated by org.testng.reporters.JUnitReportReporter -->
<testsuite hostname="LAPTOP-UD0GH7J4" failures="0" tests="1" name="practise.pom.repository.sampleTestwithPom" time="16.236" errors="0" timestamp="2024-04-26T09:59:01 IST" skipped="0">
  <testcase classname="practise.pom.repository.sampleTestwithPom" name="sampleTest" time="16.236"/>
</testsuite> <!-- practise.pom.repository.sampleTestwithPom -->
