<?xml version="1.0" encoding="UTF-8"?>
<!-- Generated by org.testng.reporters.JUnitReportReporter -->
<testsuite hostname="LAPTOP-UD0GH7J4" failures="0" tests="3" name="practice.testng.CreateContactTestUsingDataProvider2" time="0.031" errors="0" timestamp="2024-04-30T18:34:54 IST" skipped="0">
  <testcase classname="practice.testng.CreateContactTestUsingDataProvider2" name="cretaeContact" time="0.009"/>
  <testcase classname="practice.testng.CreateContactTestUsingDataProvider2" name="cretaeContact" time="0.012"/>
  <testcase classname="practice.testng.CreateContactTestUsingDataProvider2" name="cretaeContact" time="0.010"/>
</testsuite> <!-- practice.testng.CreateContactTestUsingDataProvider2 -->
