<?xml version="1.0" encoding="UTF-8"?>
<!-- Generated by org.testng.reporters.JUnitReportReporter -->
<testsuite hostname="LAPTOP-UD0GH7J4" failures="0" tests="2" name="practice.testng.ContactTest" time="0.055" errors="0" timestamp="2024-04-30T10:44:12 IST" skipped="0">
  <testcase classname="practice.testng.ContactTest" name="createContactTest" time="0.046"/>
  <testcase classname="practice.testng.ContactTest" name="createContactWithMobileNumberTest" time="0.009"/>
</testsuite> <!-- practice.testng.ContactTest -->
