<?xml version="1.0" encoding="UTF-8"?>
<!-- Generated by org.testng.reporters.JUnitReportReporter -->
<testsuite hostname="LAPTOP-UD0GH7J4" failures="0" tests="1" name="practice.testng.SampleTestForScreenShot" time="11.010" errors="0" timestamp="2024-05-06T17:06:31 IST" skipped="0">
  <testcase classname="practice.testng.SampleTestForScreenShot" name="amazonTest" time="11.010"/>
</testsuite> <!-- practice.testng.SampleTestForScreenShot -->
