<?xml version="1.0" encoding="UTF-8"?>
<!-- Generated by org.testng.reporters.JUnitReportReporter -->
<testsuite hostname="LAPTOP-UD0GH7J4" failures="0" tests="11" name="practice.testng.OrderTest" time="0.307" errors="0" timestamp="2024-04-30T17:06:12 IST" skipped="1">
  <testcase classname="practice.testng.OrderTest" name="createOrderTest" time="0.017"/>
  <testcase classname="practice.testng.OrderTest" name="createOrderTest" time="0.010"/>
  <testcase classname="practice.testng.OrderTest" name="createOrderTest" time="0.010"/>
  <testcase classname="practice.testng.OrderTest" name="createOrderTest" time="0.176"/>
  <testcase classname="practice.testng.OrderTest" name="createOrderTest" time="0.030"/>
  <testcase classname="practice.testng.OrderTest" name="createOrderTest" time="0.010"/>
  <testcase classname="practice.testng.OrderTest" name="createOrderTest" time="0.013"/>
  <testcase classname="practice.testng.OrderTest" name="createOrderTest" time="0.015"/>
  <testcase classname="practice.testng.OrderTest" name="createOrderTest" time="0.011"/>
  <testcase classname="practice.testng.OrderTest" name="createOrderTest" time="0.015"/>
  <testcase classname="practice.testng.OrderTest" name="billingAnOrderTest">
    <skipped/>
  </testcase> <!-- billingAnOrderTest -->
</testsuite> <!-- practice.testng.OrderTest -->
