<?xml version="1.0" encoding="UTF-8"?>
<!-- Generated by org.testng.reporters.JUnitReportReporter -->
<testsuite hostname="LAPTOP-UD0GH7J4" failures="0" tests="12" name="practice.testng.ContactTest1" time="0.166" errors="0" timestamp="2024-04-30T17:04:23 IST" skipped="0">
  <testcase classname="practice.testng.ContactTest1" name="createContactTest1" time="0.007"/>
  <testcase classname="practice.testng.ContactTest1" name="createContactTest1" time="0.010"/>
  <testcase classname="practice.testng.ContactTest1" name="createContactTest1" time="0.012"/>
  <testcase classname="practice.testng.ContactTest1" name="createContactTest1" time="0.016"/>
  <testcase classname="practice.testng.ContactTest1" name="createContactTest1" time="0.011"/>
  <testcase classname="practice.testng.ContactTest1" name="modifyContactTest1" time="0.008"/>
  <testcase classname="practice.testng.ContactTest1" name="createContactTest1" time="0.025"/>
  <testcase classname="practice.testng.ContactTest1" name="createContactTest1" time="0.009"/>
  <testcase classname="practice.testng.ContactTest1" name="deleteContactTest1" time="0.011"/>
  <testcase classname="practice.testng.ContactTest1" name="createContactTest1" time="0.034"/>
  <testcase classname="practice.testng.ContactTest1" name="createContactTest1" time="0.011"/>
  <testcase classname="practice.testng.ContactTest1" name="createContactTest1" time="0.012"/>
</testsuite> <!-- practice.testng.ContactTest1 -->
