<?xml version="1.0" encoding="UTF-8"?>
<!-- Generated by org.testng.reporters.JUnitReportReporter -->
<testsuite hostname="LAPTOP-UD0GH7J4" failures="0" tests="1" name="practiseDataDrivenTesting.SampleUnitTestCheckProjectInBackEnd" time="0.864" errors="0" timestamp="2024-04-22T12:11:19 IST" skipped="0">
  <testcase classname="practiseDataDrivenTesting.SampleUnitTestCheckProjectInBackEnd" name="projectCheckTest" time="0.864"/>
</testsuite> <!-- practiseDataDrivenTesting.SampleUnitTestCheckProjectInBackEnd -->
