<?xml version="1.0" encoding="UTF-8"?>
<!-- Generated by org.testng.reporters.JUnitReportReporter -->
<testsuite hostname="LAPTOP-UD0GH7J4" failures="0" tests="1" name="com.tekpyramid.crm.orgtest.CreateOrganizationTest" time="287.017" errors="0" timestamp="2024-05-10T16:18:56 IST" skipped="0">
  <testcase classname="com.tekpyramid.crm.orgtest.CreateOrganizationTest" name="createOrgTest" time="287.017"/>
</testsuite> <!-- com.tekpyramid.crm.orgtest.CreateOrganizationTest -->
