<?xml version="1.0" encoding="UTF-8"?>
<!-- Generated by org.testng.reporters.JUnitReportReporter -->
<testsuite hostname="LAPTOP-UD0GH7J4" failures="0" tests="1" name="practiseDataDrivenTesting.ReadDataFromTestNGXml" time="0.035" errors="0" timestamp="20 Apr 2024 08:08:05 GMT" skipped="0">
  <testcase classname="practiseDataDrivenTesting.ReadDataFromTestNGXml" name="sampleTest" time="0.035"/>
</testsuite> <!-- practiseDataDrivenTesting.ReadDataFromTestNGXml -->
