<?xml version="1.0" encoding="UTF-8"?>
<!-- Generated by org.testng.reporters.JUnitReportReporter -->
<testsuite hostname="LAPTOP-UD0GH7J4" failures="0" tests="3" name="practice.test.GetProductInfoTest" time="60.876" errors="0" timestamp="2024-05-01T11:40:53 IST" skipped="0">
  <testcase classname="practice.test.GetProductInfoTest" name="getProductInfoTest" time="17.681"/>
  <testcase classname="practice.test.GetProductInfoTest" name="getProductInfoTest" time="17.943"/>
  <testcase classname="practice.test.GetProductInfoTest" name="getProductInfoTest" time="25.252"/>
</testsuite> <!-- practice.test.GetProductInfoTest -->
