<?xml version="1.0" encoding="UTF-8"?>
<!-- Generated by org.testng.reporters.JUnitXMLReporter -->
<testsuite ignored="0" hostname="LAPTOP-UD0GH7J4" failures="0" tests="3" name="Test-2" time="233.791" errors="0" timestamp="2024-05-04T15:19:22 IST">
  <testcase classname="com.tekpyramid.crm.contacttest.CreateContactTest" name="createConTest" time="61.313"/>
  <testcase classname="com.tekpyramid.crm.contacttest.CreateContactTest" name="createContactWithOrganization" time="62.048"/>
  <testcase classname="com.tekpyramid.crm.contacttest.CreateContactTest" name="createContactWithSupportDate" time="24.045"/>
</testsuite> <!-- Test-2 -->
