<?xml version="1.0" encoding="UTF-8"?>
<!-- Generated by org.testng.reporters.JUnitXMLReporter -->
<testsuite ignored="0" hostname="LAPTOP-UD0GH7J4" failures="0" tests="3" name="Test-1" time="221.873" errors="0" timestamp="2024-05-04T15:19:10 IST">
  <testcase classname="com.tekpyramid.crm.orgtest.CreateOrganizationTest" name="createOrgTest" time="61.288"/>
  <testcase classname="com.tekpyramid.crm.orgtest.CreateOrganizationTest" name="createOrganizationWithIndustries" time="36.561"/>
  <testcase classname="com.tekpyramid.crm.orgtest.CreateOrganizationTest" name="createOrganizationWithPhoneNumber" time="33.09"/>
</testsuite> <!-- Test-1 -->
